<?xml version="1.0" encoding="UTF-8"?>
<testng-results ignored="0" total="14" passed="13" failed="1" skipped="0">
  <reporter-output>
  </reporter-output>
  <suite started-at="2025-09-06T21:12:06 IST" name="All Test Suite" finished-at="2025-09-06T21:13:54 IST" duration-ms="108492">
    <groups>
    </groups>
    <test started-at="2025-09-06T21:12:06 IST" name="D:/004_Projects/Selenium/IntelliJ IDEA/Selenium_Maven_demoblaze-SandBox_001" finished-at="2025-09-06T21:13:54 IST" duration-ms="108492">
      <class name="org.example.testcases.HomepageExplorer">
        <test-method is-config="true" signature="beforeMethod()[pri:0, instance:org.example.testcases.HomepageExplorer@482bce4f]" started-at="2025-09-06T21:13:10 IST" name="beforeMethod" finished-at="2025-09-06T21:13:12 IST" duration-ms="1890" status="PASS">
          <reporter-output>
          </reporter-output>
        </test-method> <!-- beforeMethod -->
        <test-method signature="Categories()[pri:0, instance:org.example.testcases.HomepageExplorer@482bce4f]" started-at="2025-09-06T21:13:12 IST" name="Categories" finished-at="2025-09-06T21:13:14 IST" duration-ms="2602" status="PASS">
          <reporter-output>
          </reporter-output>
        </test-method> <!-- Categories -->
        <test-method is-config="true" signature="afterMethod()[pri:0, instance:org.example.testcases.HomepageExplorer@482bce4f]" started-at="2025-09-06T21:13:14 IST" name="afterMethod" finished-at="2025-09-06T21:13:14 IST" duration-ms="131" status="PASS">
          <reporter-output>
          </reporter-output>
        </test-method> <!-- afterMethod -->
        <test-method is-config="true" signature="beforeMethod()[pri:0, instance:org.example.testcases.HomepageExplorer@482bce4f]" started-at="2025-09-06T21:13:14 IST" name="beforeMethod" finished-at="2025-09-06T21:13:16 IST" duration-ms="2077" status="PASS">
          <reporter-output>
          </reporter-output>
        </test-method> <!-- beforeMethod -->
        <test-method signature="SlideRightAndLeftArrow()[pri:0, instance:org.example.testcases.HomepageExplorer@482bce4f]" started-at="2025-09-06T21:13:16 IST" name="SlideRightAndLeftArrow" finished-at="2025-09-06T21:13:21 IST" duration-ms="4403" status="PASS">
          <reporter-output>
          </reporter-output>
        </test-method> <!-- SlideRightAndLeftArrow -->
        <test-method is-config="true" signature="afterMethod()[pri:0, instance:org.example.testcases.HomepageExplorer@482bce4f]" started-at="2025-09-06T21:13:21 IST" name="afterMethod" finished-at="2025-09-06T21:13:21 IST" duration-ms="161" status="PASS">
          <reporter-output>
          </reporter-output>
        </test-method> <!-- afterMethod -->
      </class> <!-- org.example.testcases.HomepageExplorer -->
      <class name="org.example.testcases.PDP">
        <test-method is-config="true" signature="beforeMethod()[pri:0, instance:org.example.testcases.PDP@366647c2]" started-at="2025-09-06T21:13:21 IST" name="beforeMethod" finished-at="2025-09-06T21:13:23 IST" duration-ms="2005" status="PASS">
          <reporter-output>
          </reporter-output>
        </test-method> <!-- beforeMethod -->
        <test-method signature="aSUSFullHDPDP()[pri:0, instance:org.example.testcases.PDP@366647c2]" started-at="2025-09-06T21:13:23 IST" name="aSUSFullHDPDP" finished-at="2025-09-06T21:13:26 IST" duration-ms="3329" status="PASS">
          <reporter-output>
          </reporter-output>
        </test-method> <!-- aSUSFullHDPDP -->
        <test-method is-config="true" signature="afterMethod()[pri:0, instance:org.example.testcases.PDP@366647c2]" started-at="2025-09-06T21:13:26 IST" name="afterMethod" finished-at="2025-09-06T21:13:26 IST" duration-ms="153" status="PASS">
          <reporter-output>
          </reporter-output>
        </test-method> <!-- afterMethod -->
        <test-method is-config="true" signature="beforeMethod()[pri:0, instance:org.example.testcases.PDP@366647c2]" started-at="2025-09-06T21:13:26 IST" name="beforeMethod" finished-at="2025-09-06T21:13:28 IST" duration-ms="1897" status="PASS">
          <reporter-output>
          </reporter-output>
        </test-method> <!-- beforeMethod -->
        <test-method signature="macBookProPDP()[pri:0, instance:org.example.testcases.PDP@366647c2]" started-at="2025-09-06T21:13:28 IST" name="macBookProPDP" finished-at="2025-09-06T21:13:32 IST" duration-ms="3584" status="PASS">
          <reporter-output>
          </reporter-output>
        </test-method> <!-- macBookProPDP -->
        <test-method is-config="true" signature="afterMethod()[pri:0, instance:org.example.testcases.PDP@366647c2]" started-at="2025-09-06T21:13:32 IST" name="afterMethod" finished-at="2025-09-06T21:13:32 IST" duration-ms="153" status="PASS">
          <reporter-output>
          </reporter-output>
        </test-method> <!-- afterMethod -->
        <test-method is-config="true" signature="beforeMethod()[pri:0, instance:org.example.testcases.PDP@366647c2]" started-at="2025-09-06T21:13:32 IST" name="beforeMethod" finished-at="2025-09-06T21:13:34 IST" duration-ms="1942" status="PASS">
          <reporter-output>
          </reporter-output>
        </test-method> <!-- beforeMethod -->
        <test-method signature="samsungGalaxyS6PDP()[pri:0, instance:org.example.testcases.PDP@366647c2]" started-at="2025-09-06T21:13:34 IST" name="samsungGalaxyS6PDP" finished-at="2025-09-06T21:13:37 IST" duration-ms="3043" status="PASS">
          <reporter-output>
          </reporter-output>
        </test-method> <!-- samsungGalaxyS6PDP -->
        <test-method is-config="true" signature="afterMethod()[pri:0, instance:org.example.testcases.PDP@366647c2]" started-at="2025-09-06T21:13:37 IST" name="afterMethod" finished-at="2025-09-06T21:13:37 IST" duration-ms="167" status="PASS">
          <reporter-output>
          </reporter-output>
        </test-method> <!-- afterMethod -->
      </class> <!-- org.example.testcases.PDP -->
      <class name="org.example.testcases.SignUp">
        <test-method is-config="true" signature="beforeMethod()[pri:0, instance:org.example.testcases.SignUp@5ab9e72c]" started-at="2025-09-06T21:12:06 IST" name="beforeMethod" finished-at="2025-09-06T21:12:14 IST" duration-ms="7340" status="PASS">
          <reporter-output>
          </reporter-output>
        </test-method> <!-- beforeMethod -->
        <test-method signature="singUpWithEmptyFields()[pri:0, instance:org.example.testcases.SignUp@5ab9e72c]" started-at="2025-09-06T21:12:14 IST" name="singUpWithEmptyFields" finished-at="2025-09-06T21:12:15 IST" duration-ms="939" status="PASS">
          <reporter-output>
          </reporter-output>
        </test-method> <!-- singUpWithEmptyFields -->
        <test-method is-config="true" signature="afterMethod()[pri:0, instance:org.example.testcases.SignUp@5ab9e72c]" started-at="2025-09-06T21:12:15 IST" name="afterMethod" finished-at="2025-09-06T21:12:15 IST" duration-ms="156" status="PASS">
          <reporter-output>
          </reporter-output>
        </test-method> <!-- afterMethod -->
        <test-method is-config="true" signature="beforeMethod()[pri:0, instance:org.example.testcases.SignUp@5ab9e72c]" started-at="2025-09-06T21:12:15 IST" name="beforeMethod" finished-at="2025-09-06T21:12:17 IST" duration-ms="2425" status="PASS">
          <reporter-output>
          </reporter-output>
        </test-method> <!-- beforeMethod -->
        <test-method signature="singUpWithUsedUsername()[pri:0, instance:org.example.testcases.SignUp@5ab9e72c]" started-at="2025-09-06T21:12:17 IST" name="singUpWithUsedUsername" finished-at="2025-09-06T21:12:35 IST" duration-ms="18339" status="FAIL">
          <exception class="org.openqa.selenium.TimeoutException">
            <message>
              <![CDATA[Expected condition failed: waiting for visibility of [[ChromeDriver: chrome on windows (a0fff7c1626bd03dd027c3e00c64b595)] -> id: sign-username] (tried for 15 second(s) with 500 milliseconds interval)
Build info: version: '4.22.0', revision: 'c5f3146703*'
System info: os.name: 'Windows 11', os.arch: 'amd64', os.version: '10.0', java.version: '21.0.8'
Driver info: org.openqa.selenium.chrome.ChromeDriver
Capabilities {acceptInsecureCerts: false, browserName: chrome, browserVersion: 139.0.7258.155, chrome: {chromedriverVersion: 139.0.7258.154 (9e0d6b2b47f..., userDataDir: C:\Users\hp\AppData\Local\T...}, fedcm:accounts: true, goog:chromeOptions: {debuggerAddress: localhost:50659}, networkConnectionEnabled: false, pageLoadStrategy: normal, platformName: windows, proxy: Proxy(), se:cdp: ws://localhost:50659/devtoo..., se:cdpVersion: 139.0.7258.155, setWindowRect: true, strictFileInteractability: false, timeouts: {implicit: 0, pageLoad: 300000, script: 30000}, unhandledPromptBehavior: dismiss and notify, webauthn:extension:credBlob: true, webauthn:extension:largeBlob: true, webauthn:extension:minPinLength: true, webauthn:extension:prf: true, webauthn:virtualAuthenticators: true}
Session ID: a0fff7c1626bd03dd027c3e00c64b595]]>
            </message>
            <full-stacktrace>
              <![CDATA[org.openqa.selenium.TimeoutException: Expected condition failed: waiting for visibility of [[ChromeDriver: chrome on windows (a0fff7c1626bd03dd027c3e00c64b595)] -> id: sign-username] (tried for 15 second(s) with 500 milliseconds interval)
Build info: version: '4.22.0', revision: 'c5f3146703*'
System info: os.name: 'Windows 11', os.arch: 'amd64', os.version: '10.0', java.version: '21.0.8'
Driver info: org.openqa.selenium.chrome.ChromeDriver
Capabilities {acceptInsecureCerts: false, browserName: chrome, browserVersion: 139.0.7258.155, chrome: {chromedriverVersion: 139.0.7258.154 (9e0d6b2b47f..., userDataDir: C:\Users\hp\AppData\Local\T...}, fedcm:accounts: true, goog:chromeOptions: {debuggerAddress: localhost:50659}, networkConnectionEnabled: false, pageLoadStrategy: normal, platformName: windows, proxy: Proxy(), se:cdp: ws://localhost:50659/devtoo..., se:cdpVersion: 139.0.7258.155, setWindowRect: true, strictFileInteractability: false, timeouts: {implicit: 0, pageLoad: 300000, script: 30000}, unhandledPromptBehavior: dismiss and notify, webauthn:extension:credBlob: true, webauthn:extension:largeBlob: true, webauthn:extension:minPinLength: true, webauthn:extension:prf: true, webauthn:virtualAuthenticators: true}
Session ID: a0fff7c1626bd03dd027c3e00c64b595
at org.openqa.selenium.support.ui.WebDriverWait.timeoutException(WebDriverWait.java:84)
at org.openqa.selenium.support.ui.FluentWait.until(FluentWait.java:228)
at org.example.pages.Page.visibilityWait(Page.java:23)
at org.example.pages.Page.sendText(Page.java:36)
at org.example.pages.SignUpPage.signUp(SignUpPage.java:22)
at org.example.testcases.SignUp.singUpWithUsedUsername(SignUp.java:38)
at java.base/jdk.internal.reflect.DirectMethodHandleAccessor.invoke(DirectMethodHandleAccessor.java:103)
at java.base/java.lang.reflect.Method.invoke(Method.java:580)
at org.testng.internal.invokers.MethodInvocationHelper.invokeMethod(MethodInvocationHelper.java:141)
at org.testng.internal.invokers.TestInvoker.invokeMethod(TestInvoker.java:686)
at org.testng.internal.invokers.TestInvoker.invokeTestMethod(TestInvoker.java:230)
at org.testng.internal.invokers.MethodRunner.runInSequence(MethodRunner.java:63)
at org.testng.internal.invokers.TestInvoker$MethodInvocationAgent.invoke(TestInvoker.java:992)
at org.testng.internal.invokers.TestInvoker.invokeTestMethods(TestInvoker.java:203)
at org.testng.internal.invokers.TestMethodWorker.invokeTestMethods(TestMethodWorker.java:154)
at org.testng.internal.invokers.TestMethodWorker.run(TestMethodWorker.java:134)
at java.base/java.util.ArrayList.forEach(ArrayList.java:1596)
at org.testng.TestRunner.privateRun(TestRunner.java:739)
at org.testng.TestRunner.run(TestRunner.java:614)
at org.testng.SuiteRunner.runTest(SuiteRunner.java:421)
at org.testng.SuiteRunner.runSequentially(SuiteRunner.java:413)
at org.testng.SuiteRunner.privateRun(SuiteRunner.java:373)
at org.testng.SuiteRunner.run(SuiteRunner.java:312)
at org.testng.SuiteRunnerWorker.runSuite(SuiteRunnerWorker.java:52)
at org.testng.SuiteRunnerWorker.run(SuiteRunnerWorker.java:95)
at org.testng.TestNG.runSuitesSequentially(TestNG.java:1274)
at org.testng.TestNG.runSuitesLocally(TestNG.java:1208)
at org.testng.TestNG.runSuites(TestNG.java:1112)
at org.testng.TestNG.run(TestNG.java:1079)
at org.testng.remote.AbstractRemoteTestNG.run(AbstractRemoteTestNG.java:115)
at org.testng.remote.RemoteTestNG.initAndRun(RemoteTestNG.java:293)
at org.testng.remote.RemoteTestNG.main(RemoteTestNG.java:91)
]]>
            </full-stacktrace>
          </exception> <!-- org.openqa.selenium.TimeoutException -->
          <reporter-output>
          </reporter-output>
        </test-method> <!-- singUpWithUsedUsername -->
        <test-method is-config="true" signature="afterMethod()[pri:0, instance:org.example.testcases.SignUp@5ab9e72c]" started-at="2025-09-06T21:12:36 IST" name="afterMethod" finished-at="2025-09-06T21:12:36 IST" duration-ms="162" status="PASS">
          <reporter-output>
          </reporter-output>
        </test-method> <!-- afterMethod -->
        <test-method is-config="true" signature="beforeMethod()[pri:0, instance:org.example.testcases.SignUp@5ab9e72c]" started-at="2025-09-06T21:12:36 IST" name="beforeMethod" finished-at="2025-09-06T21:12:38 IST" duration-ms="2185" status="PASS">
          <reporter-output>
          </reporter-output>
        </test-method> <!-- beforeMethod -->
        <test-method signature="validSingUp()[pri:0, instance:org.example.testcases.SignUp@5ab9e72c]" started-at="2025-09-06T21:12:38 IST" name="validSingUp" finished-at="2025-09-06T21:12:40 IST" duration-ms="1941" status="PASS">
          <reporter-output>
          </reporter-output>
        </test-method> <!-- validSingUp -->
        <test-method is-config="true" signature="afterMethod()[pri:0, instance:org.example.testcases.SignUp@5ab9e72c]" started-at="2025-09-06T21:12:40 IST" name="afterMethod" finished-at="2025-09-06T21:12:40 IST" duration-ms="149" status="PASS">
          <reporter-output>
          </reporter-output>
        </test-method> <!-- afterMethod -->
      </class> <!-- org.example.testcases.SignUp -->
      <class name="org.example.testcases.Cart">
        <test-method is-config="true" signature="beforeMethod()[pri:0, instance:org.example.testcases.Cart@6a6afff2]" started-at="2025-09-06T21:13:37 IST" name="beforeMethod" finished-at="2025-09-06T21:13:39 IST" duration-ms="2057" status="PASS">
          <reporter-output>
          </reporter-output>
        </test-method> <!-- beforeMethod -->
        <test-method signature="cartTest()[pri:0, instance:org.example.testcases.Cart@6a6afff2]" started-at="2025-09-06T21:13:39 IST" name="cartTest" finished-at="2025-09-06T21:13:54 IST" duration-ms="15015" status="PASS">
          <reporter-output>
          </reporter-output>
        </test-method> <!-- cartTest -->
        <test-method is-config="true" signature="afterMethod()[pri:0, instance:org.example.testcases.Cart@6a6afff2]" started-at="2025-09-06T21:13:54 IST" name="afterMethod" finished-at="2025-09-06T21:13:54 IST" duration-ms="181" status="PASS">
          <reporter-output>
          </reporter-output>
        </test-method> <!-- afterMethod -->
      </class> <!-- org.example.testcases.Cart -->
      <class name="org.example.testcases.Login">
        <test-method is-config="true" signature="beforeMethod()[pri:0, instance:org.example.testcases.Login@55b53d44]" started-at="2025-09-06T21:12:40 IST" name="beforeMethod" finished-at="2025-09-06T21:12:42 IST" duration-ms="2144" status="PASS">
          <reporter-output>
          </reporter-output>
        </test-method> <!-- beforeMethod -->
        <test-method signature="loginWithEmptyFields()[pri:0, instance:org.example.testcases.Login@55b53d44]" started-at="2025-09-06T21:12:42 IST" name="loginWithEmptyFields" finished-at="2025-09-06T21:12:43 IST" duration-ms="893" status="PASS">
          <reporter-output>
          </reporter-output>
        </test-method> <!-- loginWithEmptyFields -->
        <test-method is-config="true" signature="afterMethod()[pri:0, instance:org.example.testcases.Login@55b53d44]" started-at="2025-09-06T21:12:43 IST" name="afterMethod" finished-at="2025-09-06T21:12:43 IST" duration-ms="154" status="PASS">
          <reporter-output>
          </reporter-output>
        </test-method> <!-- afterMethod -->
        <test-method is-config="true" signature="beforeMethod()[pri:0, instance:org.example.testcases.Login@55b53d44]" started-at="2025-09-06T21:12:43 IST" name="beforeMethod" finished-at="2025-09-06T21:12:45 IST" duration-ms="1891" status="PASS">
          <reporter-output>
          </reporter-output>
        </test-method> <!-- beforeMethod -->
        <test-method signature="loginWithInvalidUsername()[pri:0, instance:org.example.testcases.Login@55b53d44]" started-at="2025-09-06T21:12:45 IST" name="loginWithInvalidUsername" finished-at="2025-09-06T21:12:49 IST" duration-ms="3956" status="PASS">
          <reporter-output>
          </reporter-output>
        </test-method> <!-- loginWithInvalidUsername -->
        <test-method is-config="true" signature="afterMethod()[pri:0, instance:org.example.testcases.Login@55b53d44]" started-at="2025-09-06T21:12:49 IST" name="afterMethod" finished-at="2025-09-06T21:12:49 IST" duration-ms="149" status="PASS">
          <reporter-output>
          </reporter-output>
        </test-method> <!-- afterMethod -->
        <test-method is-config="true" signature="beforeMethod()[pri:0, instance:org.example.testcases.Login@55b53d44]" started-at="2025-09-06T21:12:49 IST" name="beforeMethod" finished-at="2025-09-06T21:12:51 IST" duration-ms="1982" status="PASS">
          <reporter-output>
          </reporter-output>
        </test-method> <!-- beforeMethod -->
        <test-method signature="loginWithValidUsernameAndInvalidPassword()[pri:0, instance:org.example.testcases.Login@55b53d44]" started-at="2025-09-06T21:12:51 IST" name="loginWithValidUsernameAndInvalidPassword" finished-at="2025-09-06T21:12:55 IST" duration-ms="3756" status="PASS">
          <reporter-output>
          </reporter-output>
        </test-method> <!-- loginWithValidUsernameAndInvalidPassword -->
        <test-method is-config="true" signature="afterMethod()[pri:0, instance:org.example.testcases.Login@55b53d44]" started-at="2025-09-06T21:12:55 IST" name="afterMethod" finished-at="2025-09-06T21:12:55 IST" duration-ms="151" status="PASS">
          <reporter-output>
          </reporter-output>
        </test-method> <!-- afterMethod -->
        <test-method is-config="true" signature="beforeMethod()[pri:0, instance:org.example.testcases.Login@55b53d44]" started-at="2025-09-06T21:12:55 IST" name="beforeMethod" finished-at="2025-09-06T21:12:57 IST" duration-ms="1709" status="PASS">
          <reporter-output>
          </reporter-output>
        </test-method> <!-- beforeMethod -->
        <test-method signature="logout()[pri:0, instance:org.example.testcases.Login@55b53d44]" started-at="2025-09-06T21:12:57 IST" name="logout" finished-at="2025-09-06T21:13:02 IST" duration-ms="5283" status="PASS">
          <reporter-output>
          </reporter-output>
        </test-method> <!-- logout -->
        <test-method is-config="true" signature="afterMethod()[pri:0, instance:org.example.testcases.Login@55b53d44]" started-at="2025-09-06T21:13:02 IST" name="afterMethod" finished-at="2025-09-06T21:13:02 IST" duration-ms="141" status="PASS">
          <reporter-output>
          </reporter-output>
        </test-method> <!-- afterMethod -->
        <test-method is-config="true" signature="beforeMethod()[pri:0, instance:org.example.testcases.Login@55b53d44]" started-at="2025-09-06T21:13:02 IST" name="beforeMethod" finished-at="2025-09-06T21:13:05 IST" duration-ms="2148" status="PASS">
          <reporter-output>
          </reporter-output>
        </test-method> <!-- beforeMethod -->
        <test-method signature="validLogin()[pri:0, instance:org.example.testcases.Login@55b53d44]" started-at="2025-09-06T21:13:05 IST" name="validLogin" finished-at="2025-09-06T21:13:10 IST" duration-ms="5002" status="PASS">
          <reporter-output>
          </reporter-output>
        </test-method> <!-- validLogin -->
        <test-method is-config="true" signature="afterMethod()[pri:0, instance:org.example.testcases.Login@55b53d44]" started-at="2025-09-06T21:13:10 IST" name="afterMethod" finished-at="2025-09-06T21:13:10 IST" duration-ms="141" status="PASS">
          <reporter-output>
          </reporter-output>
        </test-method> <!-- afterMethod -->
      </class> <!-- org.example.testcases.Login -->
    </test> <!-- D:/004_Projects/Selenium/IntelliJ IDEA/Selenium_Maven_demoblaze-SandBox_001 -->
  </suite> <!-- All Test Suite -->
</testng-results>
